Arguments: 
  /usr/bin/node /usr/bin/yarn

PATH: 
  /home/paige/.local/bin:/home/paige/.cargo/bin:/usr/local/sbin:/usr/local/bin:/usr/bin:/usr/lib/jvm/default/bin:/usr/bin/site_perl:/usr/bin/vendor_perl:/usr/bin/core_perl:/var/lib/snapd/snap/bin:/home/paige/.local/bin:/home/paige/.local/bin

Yarn version: 
  1.22.19

Node version: 
  18.2.0

Platform: 
  linux x64

Trace: 
  Error: self signed certificate in certificate chain
      at TLSSocket.onConnectSecure (node:_tls_wrap:1531:34)
      at TLSSocket.emit (node:events:527:28)
      at TLSSocket._finishInit (node:_tls_wrap:945:8)
      at ssl.onhandshakedone (node:_tls_wrap:726:12)

npm manifest: 
  {
    "name": "cromulon",
    "version": "1.0.0",
    "description": "Inventory asset DB",
    "main": "index.tsx",
    "scripts": {
      "test": "yarn test",
      "start": "webpack-dev-server --env HOSTNAME=$HOSTNAME --env API_PORT=$API_PORT --mode=development --open --hot",
      "build": "webpack --env HOSTNAME=$HOSTNAME --env API_PORT=$API_PORT --mode=production",
      "prod": "webpack serve --mode=production"
    },
    "repository": {
      "type": "git",
      "url": "git+ssh://git@github.com/sudothei/asset-inventory.git"
    },
    "keywords": [
      "inventory",
      "asset",
      "management"
    ],
    "author": "Paige Venuto",
    "license": "MIT",
    "bugs": {
      "url": "https://github.com/sudothei/asset-inventory/issues"
    },
    "homepage": "https://github.com/sudothei/asset-inventory#readme",
    "dependencies": {
      "@emotion/react": "^11.9.3",
      "@emotion/styled": "^11.9.3",
      "@mui/icons-material": "^5.8.4",
      "@mui/material": "^5.8.6",
      "@reduxjs/toolkit": "^1.8.3",
      "@types/classnames": "^2.3.1",
      "@types/node": "^18.0.0",
      "@types/react": "^18.0.14",
      "@types/react-csv": "^1.1.3",
      "@types/react-dom": "^18.0.5",
      "@types/react-redux": "^7.1.24",
      "axios": "^0.27.2",
      "build": "^0.1.4",
      "npm": "^8.13.2",
      "react": "^18.2.0",
      "react-csv": "^2.2.2",
      "react-dom": "^18.2.0",
      "react-hook-form": "^7.33.1",
      "react-redux": "^8.0.2",
      "react-router-dom": "^6.3.0",
      "redux": "^4.2.0",
      "redux-saga": "^1.1.3",
      "run": "^1.4.0",
      "sass-loader": "^13.0.2",
      "ts-loader": "^9.3.1",
      "typescript": "^4.7.4"
    },
    "devDependencies": {
      "@babel/core": "^7.18.6",
      "@babel/preset-env": "^7.18.6",
      "@babel/preset-react": "^7.18.6",
      "babel-loader": "^8.2.5",
      "css-loader": "^6.7.1",
      "html-webpack-plugin": "^5.5.0",
      "style-loader": "^3.3.1",
      "webpack": "^5.73.0",
      "webpack-cli": "^4.10.0",
      "webpack-dev-server": "^4.9.2"
    },
    "babel": {
      "presets": [
        "@babel/env",
        "@babel/react"
      ]
    }
  }

yarn manifest: 
  No manifest

Lockfile: 
  No lockfile
